<?xml version="1.0" encoding="UTF-8"?>
<!-- Generated by org.testng.reporters.JUnitXMLReporter -->
<testsuite ignored="0" hostname="ATMECSINDT-083" failures="0" tests="4" name="Default test" time="0.12" errors="0" timestamp="20 Aug 2019 12:16:20 GMT">
  <testcase classname="com.testng.calculatorTestCase" name="add" time="0.016"/>
  <testcase classname="com.testng.calculatorTestCase" name="div" time="0.009"/>
  <testcase classname="com.testng.calculatorTestCase" name="mul" time="0.005"/>
  <testcase classname="com.testng.calculatorTestCase" name="sub" time="0.003"/>
</testsuite> <!-- Default test -->
