<?xml version="1.0" encoding="UTF-8"?>
<testng-results ignored="0" total="4" passed="4" failed="0" skipped="0">
  <reporter-output>
  </reporter-output>
  <suite started-at="2019-08-20T12:16:20Z" name="Default suite" finished-at="2019-08-20T12:16:20Z" duration-ms="120">
    <groups>
    </groups>
    <test started-at="2019-08-20T12:16:20Z" name="Default test" finished-at="2019-08-20T12:16:20Z" duration-ms="120">
      <class name="com.testng.calculatorTestCase">
        <test-method is-config="true" signature="beforetest()[pri:0, instance:com.testng.calculatorTestCase@1e67a849]" started-at="2019-08-20T17:46:20Z" name="beforetest" finished-at="2019-08-20T17:46:20Z" duration-ms="18" status="PASS">
          <reporter-output>
          </reporter-output>
        </test-method> <!-- beforetest -->
        <test-method signature="add()[pri:0, instance:com.testng.calculatorTestCase@1e67a849]" started-at="2019-08-20T17:46:20Z" name="add" finished-at="2019-08-20T17:46:20Z" duration-ms="16" status="PASS">
          <reporter-output>
          </reporter-output>
        </test-method> <!-- add -->
        <test-method signature="div()[pri:0, instance:com.testng.calculatorTestCase@1e67a849]" started-at="2019-08-20T17:46:20Z" name="div" finished-at="2019-08-20T17:46:20Z" duration-ms="9" status="PASS">
          <reporter-output>
          </reporter-output>
        </test-method> <!-- div -->
        <test-method signature="mul()[pri:0, instance:com.testng.calculatorTestCase@1e67a849]" started-at="2019-08-20T17:46:20Z" name="mul" finished-at="2019-08-20T17:46:20Z" duration-ms="5" status="PASS">
          <reporter-output>
          </reporter-output>
        </test-method> <!-- mul -->
        <test-method signature="sub()[pri:0, instance:com.testng.calculatorTestCase@1e67a849]" started-at="2019-08-20T17:46:20Z" name="sub" finished-at="2019-08-20T17:46:20Z" duration-ms="3" status="PASS">
          <reporter-output>
          </reporter-output>
        </test-method> <!-- sub -->
        <test-method is-config="true" signature="test()[pri:0, instance:com.testng.calculatorTestCase@1e67a849]" started-at="2019-08-20T17:46:20Z" name="test" finished-at="2019-08-20T17:46:20Z" duration-ms="1" status="PASS">
          <reporter-output>
          </reporter-output>
        </test-method> <!-- test -->
      </class> <!-- com.testng.calculatorTestCase -->
    </test> <!-- Default test -->
  </suite> <!-- Default suite -->
</testng-results>
